make: 'all' に対して行うべき事はありません.
# GNU Make 4.1
# このプログラムは x86_64-unknown-cygwin 用にビルドされました
# Copyright (C) 1988-2014 Free Software Foundation, Inc.
# ライセンス GPLv3+: GNU GPL バージョン 3 以降 <http://gnu.org/licenses/gpl.html>
# これはフリーソフトウェアです: 自由に変更および配布できます.
# 法律の許す限り、　無保証　です.

# Make データベース出力 Tue Nov 22 11:02:47 2016

# 変数

# 'override' 疑似命令
GNUMAKEFLAGS := 
# 自動変数
<D = $(patsubst %/,%,$(dir $<))
# 自動変数
?F = $(notdir $?)
# 環境変数
AMDAPPSDKROOT = C:\Program Files (x86)\AMD APP\
# デフォルト
.SHELLFLAGS := -c
# makefile 変数
MAKEFLAGS = p
# デフォルト
CWEAVE = cweave
# 自動変数
?D = $(patsubst %/,%,$(dir $?))
# 自動変数
@D = $(patsubst %/,%,$(dir $@))
# 環境変数
HOMEDRIVE = C:
# 自動変数
@F = $(notdir $@)
# 自動変数
^D = $(patsubst %/,%,$(dir $^))
# makefile 変数
CURDIR := /cygdrive/c/GitRepo/cpp/misc/basic_makefile
# makefile 変数
SHELL = /bin/sh
# デフォルト
RM = rm -f
# 環境変数
CYGWIN = error_start=dumper
# デフォルト
CO = co
# 環境変数
ProgramFiles(x86) = C:\Program Files (x86)
# 環境変数
WINDIR = C:\Windows
# 環境変数
FP_NO_HOST_CHECK = NO
# 環境変数
TZ = Asia/Kolkata
# 環境変数
VBOX_MSI_INSTALL_PATH = C:\Program Files\Oracle\VirtualBox\
# デフォルト
PREPROCESS.F = $(FC) $(FFLAGS) $(CPPFLAGS) $(TARGET_ARCH) -F
# デフォルト
LINK.m = $(OBJC) $(OBJCFLAGS) $(CPPFLAGS) $(LDFLAGS) $(TARGET_ARCH)
# デフォルト
LINK.o = $(CC) $(LDFLAGS) $(TARGET_ARCH)
# デフォルト
OUTPUT_OPTION = -o $@
# デフォルト
COMPILE.cpp = $(COMPILE.cc)
# 環境変数
PATHEXT = .COM;.EXE;.BAT;.CMD;.VBS;.VBE;.JS;.JSE;.WSF;.WSH;.MSC
# 環境変数
VSEDEFLOGDIR = C:\ProgramData\McAfee\DesktopProtection
# 環境変数
USERNAME = 0000132382
# デフォルト
LINK.p = $(PC) $(PFLAGS) $(CPPFLAGS) $(LDFLAGS) $(TARGET_ARCH)
# デフォルト
CC = cc
# 環境変数
ZPLUG_THREADS = 16
# デフォルト
YACC.m = $(YACC) $(YFLAGS)
# 環境変数
_ = /usr/bin/make
# 環境変数
CommonProgramFiles(x86) = C:\Program Files (x86)\Common Files
# 環境変数
ZPLUG_FILTER = fzf-tmux:fzf:peco:percol:fzy:zaw
# 環境変数
INFOPATH = /usr/local/info:/usr/share/info:/usr/info
# 環境変数
_ZPLUG_VERSION = 2.3.2
# デフォルト
CHECKOUT,v = +$(if $(wildcard $@),,$(CO) $(COFLAGS) $< $@)
# 環境変数
tmp = 
# デフォルト
LEX.m = $(LEX) $(LFLAGS) -t
# デフォルト
CPP = $(CC) -E
# デフォルト
LINK.cc = $(CXX) $(CXXFLAGS) $(CPPFLAGS) $(LDFLAGS) $(TARGET_ARCH)
# デフォルト
MAKE_HOST := x86_64-unknown-cygwin
# デフォルト
.LIBPATTERNS = lib%.dll.a %.dll.a lib%.a %.lib lib%.dll %.dll
# 環境変数
PATH = /home/0000132382/.rbenv/shims:/home/0000132382/.rbenv/bin:/home/0000132382/.zplug/bin:/usr/local/bin:/usr/bin:/cygdrive/c/ProgramData/Oracle/Java/javapath:/cygdrive/c/Program Files (x86)/RSA SecurID Token Common:/cygdrive/c/Program Files (x86)/Intel/iCLS Client:/cygdrive/c/Program Files/Intel/iCLS Client:/cygdrive/c/Program Files (x86)/AMD APP/bin/x86_64:/cygdrive/c/Program Files (x86)/AMD APP/bin/x86:/cygdrive/c/Windows/system32:/cygdrive/c/Windows:/cygdrive/c/Windows/System32/Wbem:/cygdrive/c/Windows/System32/WindowsPowerShell/v1.0:/cygdrive/c/Program Files (x86)/ATI Technologies/ATI.ACE/Core-Static:/cygdrive/c/Program Files/Intel/Intel(R) Management Engine Components/DAL:/cygdrive/c/Program Files/Intel/Intel(R) Management Engine Components/IPT:/cygdrive/c/Program Files (x86)/Intel/Intel(R) Management Engine Components/DAL:/cygdrive/c/Program Files (x86)/Intel/Intel(R) Management Engine Components/IPT:/cygdrive/c/Program Files/Intel/WiFi/bin:/cygdrive/c/Program Files/Common Files/Intel/WirelessCommon:/cygdrive/c/Program Files/WinMerge:/cygdrive/c/PROGRA~2/Java/jre6/bin:/cygdrive/c/python26:/cygdrive/c/PROGRA~2/ZeroC/Ice-3.4.2/bin/vc100/x64:/cygdrive/c/android/adt-bundle-windows/sdk/platform-tools:/cygdrive/c/android/adt-bundle-windows/sdk/tools:/cygdrive/c/Program Files/Heroku/bin:/cygdrive/c/Program Files (x86)/git/cmd:/cygdrive/c/Program Files (x86)/Git/cmd:/cygdrive/c/Program Files/TortoiseGit/bin:	:/usr/lib/lapack
# 環境変数
_ZPLUG_STATUS_ = 255
# デフォルト
LD = ld
# デフォルト
TEXI2DVI = texi2dvi
# 環境変数
_ZPLUG_STATUS_ERROR_PARSE = 8
# デフォルト
YACC = yacc
# 環境変数
configsetroot = C:\Windows\ConfigSetRoot
# 環境変数
AUTOTEST_HOME = C:\BobCAT\AutoTest
# デフォルト
COMPILE.mod = $(M2C) $(M2FLAGS) $(MODFLAGS) $(TARGET_ARCH)
# 環境変数
PROCESSOR_ARCHITECTURE = AMD64
# デフォルト
LINK.r = $(FC) $(FFLAGS) $(RFLAGS) $(LDFLAGS) $(TARGET_ARCH)
# 環境変数
USERPROFILE = C:\Users\0000132382
# デフォルト
LINT = lint
# 環境変数
DEFLOGDIR = C:\ProgramData\McAfee\DesktopProtection
# デフォルト
COMPILE.f = $(FC) $(FFLAGS) $(TARGET_ARCH) -c
# makefile 変数 (ファイル 'makefile', 1 行目)
MAKEFILE_LIST :=  makefile
# 環境変数
FPATH = /home/0000132382/.zplug/repos/mollifier/anyframe:/home/0000132382/.zplug/autoload:/home/0000132382/.zplug/misc/completions:/home/0000132382/.zplug/base/sources:/home/0000132382/.zplug/base/utils:/home/0000132382/.zplug/base/job:/home/0000132382/.zplug/base/io:/home/0000132382/.zplug/base/core:/home/0000132382/.zplug/base/base:/home/0000132382/.zplug/autoload/commands:/home/0000132382/.zplug/autoload/options:/home/0000132382/.zplug/autoload/tags:/usr/local/share/zsh/site-functions:/usr/share/zsh/site-functions:/usr/share/zsh/5.1.1/functions/Calendar:/usr/share/zsh/5.1.1/functions/Chpwd:/usr/share/zsh/5.1.1/functions/Completion:/usr/share/zsh/5.1.1/functions/Completion/AIX:/usr/share/zsh/5.1.1/functions/Completion/Base:/usr/share/zsh/5.1.1/functions/Completion/BSD:/usr/share/zsh/5.1.1/functions/Completion/Cygwin:/usr/share/zsh/5.1.1/functions/Completion/Darwin:/usr/share/zsh/5.1.1/functions/Completion/Debian:/usr/share/zsh/5.1.1/functions/Completion/Linux:/usr/share/zsh/5.1.1/functions/Completion/Mandriva:/usr/share/zsh/5.1.1/functions/Completion/openSUSE:/usr/share/zsh/5.1.1/functions/Completion/Redhat:/usr/share/zsh/5.1.1/functions/Completion/Solaris:/usr/share/zsh/5.1.1/functions/Completion/Unix:/usr/share/zsh/5.1.1/functions/Completion/X:/usr/share/zsh/5.1.1/functions/Completion/Zsh:/usr/share/zsh/5.1.1/functions/Exceptions:/usr/share/zsh/5.1.1/functions/MIME:/usr/share/zsh/5.1.1/functions/Misc:/usr/share/zsh/5.1.1/functions/Newuser:/usr/share/zsh/5.1.1/functions/Prompts:/usr/share/zsh/5.1.1/functions/TCP:/usr/share/zsh/5.1.1/functions/VCS_Info:/usr/share/zsh/5.1.1/functions/VCS_Info/Backends:/usr/share/zsh/5.1.1/functions/Zftp:/usr/share/zsh/5.1.1/functions/Zle:/home/0000132382/.zplug/repos/mollifier/anyframe/anyframe-functions/actions:/home/0000132382/.zplug/repos/mollifier/anyframe/anyframe-functions/selectors:/home/0000132382/.zplug/repos/mollifier/anyframe/anyframe-functions/sources:/home/0000132382/.zplug/repos/mollifier/anyframe/anyframe-functions/widgets:/home/0000132382/.zplug/repos/zsh-users/zsh-completions/src
# 環境変数
ZPLUG_HOME = /home/0000132382/.zplug
# 環境変数
ALLUSERSPROFILE = C:\ProgramData
# デフォルト
YACC.y = $(YACC) $(YFLAGS)
# デフォルト
AR = ar
# 環境変数
NUMBER_OF_PROCESSORS = 4
# デフォルト
.FEATURES := target-specific order-only second-expansion else-if shortest-stem undefine oneshell archives jobserver output-sync check-symlink guile load
# デフォルト
TANGLE = tangle
# 環境変数
ProgramW6432 = C:\Program Files
# 環境変数
SSH_AUTH_SOCK = /tmp/ssh-0oBAU3Qg7ukB/agent.16616
# デフォルト
GET = get
# 自動変数
%F = $(notdir $%)
# 環境変数
windows_tracing_flags = 3
# デフォルト
COMPILE.F = $(FC) $(FFLAGS) $(CPPFLAGS) $(TARGET_ARCH) -c
# デフォルト
CTANGLE = ctangle
# 環境変数
ZPLUG_PROTOCOL = HTTPS
# 環境変数
ORIGINAL_PATH = /cygdrive/c/ProgramData/Oracle/Java/javapath:/cygdrive/c/Program Files (x86)/RSA SecurID Token Common:/cygdrive/c/Program Files (x86)/Intel/iCLS Client:/cygdrive/c/Program Files/Intel/iCLS Client:/cygdrive/c/Program Files (x86)/AMD APP/bin/x86_64:/cygdrive/c/Program Files (x86)/AMD APP/bin/x86:/cygdrive/c/Windows/system32:/cygdrive/c/Windows:/cygdrive/c/Windows/System32/Wbem:/cygdrive/c/Windows/System32/WindowsPowerShell/v1.0:/cygdrive/c/Program Files (x86)/ATI Technologies/ATI.ACE/Core-Static:/cygdrive/c/Program Files/Intel/Intel(R) Management Engine Components/DAL:/cygdrive/c/Program Files/Intel/Intel(R) Management Engine Components/IPT:/cygdrive/c/Program Files (x86)/Intel/Intel(R) Management Engine Components/DAL:/cygdrive/c/Program Files (x86)/Intel/Intel(R) Management Engine Components/IPT:/cygdrive/c/Program Files/Intel/WiFi/bin:/cygdrive/c/Program Files/Common Files/Intel/WirelessCommon:/cygdrive/c/Program Files/WinMerge:/cygdrive/c/PROGRA~2/Java/jre6/bin:/cygdrive/c/python26:/cygdrive/c/PROGRA~2/ZeroC/Ice-3.4.2/bin/vc100/x64:/cygdrive/c/android/adt-bundle-windows/sdk/platform-tools:/cygdrive/c/android/adt-bundle-windows/sdk/tools:/cygdrive/c/Program Files/Heroku/bin:/cygdrive/c/Program Files (x86)/git/cmd:/cygdrive/c/Program Files (x86)/Git/cmd:/cygdrive/c/Program Files/TortoiseGit/bin:/usr/bin:/usr/bin:/usr/local/bin:	
# 環境変数
COMPUTERNAME = JPC20146195
# デフォルト
LINK.C = $(LINK.cc)
# 環境変数
PWD = /home/0000132382/GitRepos/cpp/misc/basic_makefile
# 環境変数
PROGRAMFILES = C:\Program Files
# デフォルト
LINK.S = $(CC) $(ASFLAGS) $(CPPFLAGS) $(LDFLAGS) $(TARGET_MACH)
# 環境変数
USERDNSDOMAIN = JP.SONY.COM
# デフォルト
PREPROCESS.r = $(FC) $(FFLAGS) $(RFLAGS) $(TARGET_ARCH) -F
# 環境変数
SSH_AGENT_PID = 13244
# デフォルト
LINK.c = $(CC) $(CFLAGS) $(CPPFLAGS) $(LDFLAGS) $(TARGET_ARCH)
# 環境変数
_ZPLUG_STATUS_REPO_UP_TO_DATE = 4
# 環境変数
_ZPLUG_STATUS_ZPLUG_IS_LATEST = 101
# 環境変数
_ZPLUG_URL = https://github.com/zplug/zplug
# 環境変数
PUBLIC = C:\Users\Public
# デフォルト
LINK.s = $(CC) $(ASFLAGS) $(LDFLAGS) $(TARGET_MACH)
# 環境変数
HOME = /home/0000132382
# 環境変数
ICE_CONFIG = C:\BobCAT\AutoTest\config\Icebox.cfg
# 環境変数
LD_LIBRARY_PATH = /usr/lib:/usr/local/lib:	
# 環境変数
CommonProgramW6432 = C:\Program Files\Common Files
# 環境変数
_ZPLUG_STATUS_SUCCESS = 0
# 環境変数
ProgramData = C:\ProgramData
# 環境変数
LOGNAME = 0000132382
# 環境変数
PRINTER = HP Deskjet Ink Adv 2060 K110
# 環境変数
_ZPLUG_STATUS_FAILURE = 1
# 環境変数
COMMONPROGRAMFILES = C:\Program Files\Common Files
# 環境変数
LOGONSERVER = \\JPSINADC01
# 環境変数
_ZPLUG_STATUS_REPO_NOT_FOUND = 2
# 環境変数
ZSH = /home/0000132382/.zplug/repos/robbyrussell/oh-my-zsh
# 環境変数
USERDOMAIN = JP
# 環境変数
_ZPLUG_PREZTO = sorin-ionescu/prezto
# 環境変数
HOSTNAME = JPC20146195
# 環境変数
MAKELEVEL := 0
# デフォルト
COMPILE.m = $(OBJC) $(OBJCFLAGS) $(CPPFLAGS) $(TARGET_ARCH) -c
# デフォルト
MAKE = $(MAKE_COMMAND)
# 環境変数
SHLVL = 1
# デフォルト
LINT.c = $(LINT) $(LINTFLAGS) $(CPPFLAGS) $(TARGET_ARCH)
# 環境変数
_ZPLUG_STATUS_REPO_LOCAL = 5
# デフォルト
AS = as
# 環境変数
_ZPLUG_CONFIG_SUBSHELL = :
# デフォルト
PREPROCESS.S = $(CC) -E $(CPPFLAGS)
# 環境変数
JAVA_HOME = C:\PROGRA~2\Java\jre6
# デフォルト
COMPILE.p = $(PC) $(PFLAGS) $(CPPFLAGS) $(TARGET_ARCH) -c
# デフォルト
MAKE_VERSION := 4.1
# 環境変数
USER = 0000132382
# デフォルト
FC = f77
# makefile 変数
.DEFAULT_GOAL := all
# 自動変数
%D = $(patsubst %/,%,$(dir $%))
# 環境変数
LOCALAPPDATA = C:\Users\0000132382\AppData\Local
# デフォルト
ARFLAGS = rv
# デフォルト
WEAVE = weave
# デフォルト
MAKE_COMMAND := make
# 環境変数
PROFILEREAD = true
# デフォルト
LINK.cpp = $(LINK.cc)
# デフォルト
F77 = $(FC)
# 環境変数
OLDPWD = /home/0000132382/GitRepos/cpp/misc
# 環境変数
_ZPLUG_STATUS_INVALID_OPTION = 7
# 環境変数
ZSH_CACHE_DIR = /home/0000132382/.zplug/repos/robbyrussell/oh-my-zsh/cache/
# デフォルト
.VARIABLES := 
# デフォルト
PC = pc
# 自動変数
*F = $(notdir $*)
# 環境変数
_ZPLUG_STATUS_TRUE = 0
# 環境変数
_ZPLUG_STATUS_REPO_FROZEN = 3
# 環境変数
PROCESSOR_IDENTIFIER = Intel64 Family 6 Model 58 Stepping 9, GenuineIntel
# 環境変数
OS = Windows_NT
# 環境変数
ZPLUG_REPOS = /home/0000132382/.zplug/repos
# デフォルト
COMPILE.def = $(M2C) $(M2FLAGS) $(DEFFLAGS) $(TARGET_ARCH)
# 環境変数
PYTHONPATH = C:\python26\lib;C:\PROGRA~2\ZeroC\Ice-3.4.2\python\x64;C:\BobCAT\AutoTest\src;C:\BobCAT\AutoTest\src\sfpoower;C:\BobCAT\AutoTest\Tools\bte\pybte;C:\BobCAT\AutoTest\bin;C:\BobCAT\AutoTest\src\sftuning;C:\BobCAT\AutoTest\lib;C:\BobCAT\AutoTest\Services;C:\BobCAT\AutoTest
# デフォルト
LEX = lex
# 環境変数
_ZPLUG_AWKPATH = /home/0000132382/.zplug/misc/contrib
# 環境変数
HOMEPATH = \Users\0000132382
# 環境変数
MFLAGS = -p
# 自動変数
*D = $(patsubst %/,%,$(dir $*))
# デフォルト
LEX.l = $(LEX) $(LFLAGS) -t
# 環境変数
PSModulePath = C:\Windows\system32\WindowsPowerShell\v1.0\Modules\
# 環境変数
asl.log = Destination=file
# 環境変数
SYSTEMROOT = C:\Windows
# 自動変数
+D = $(patsubst %/,%,$(dir $+))
# デフォルト
COMPILE.r = $(FC) $(FFLAGS) $(RFLAGS) $(TARGET_ARCH) -c
# 自動変数
+F = $(notdir $+)
# デフォルト
M2C = m2c
# 環境変数
ZPLUG_USE_CACHE = true
# 環境変数
APPDATA = C:\Users\0000132382\AppData\Roaming
# 環境変数
ZPLUG_ROOT = /home/0000132382/.zplug
# 環境変数
TEMP = /tmp
# 環境変数
COMSPEC = C:\Windows\system32\cmd.exe
# デフォルト
MAKEFILES := 
# 環境変数
RBENV_SHELL = zsh
# デフォルト
COMPILE.cc = $(CXX) $(CXXFLAGS) $(CPPFLAGS) $(TARGET_ARCH) -c
# 自動変数
<F = $(notdir $<)
# 環境変数
PLOTICUS_PREFABS = /usr/share/ploticus/prefabs
# 自動変数
^F = $(notdir $^)
# 環境変数
PS1 = %m%# 
# デフォルト
CXX = g++
# デフォルト
COFLAGS = 
# 環境変数
ZPLUG_CACHE_FILE = /home/0000132382/.zplug/.cache
# 環境変数
_ZPLUG_OHMYZSH = robbyrussell/oh-my-zsh
# 環境変数
UATDATA = C:\Windows\SysWOW64\CCM\UATData\D9F8C395-CAB8-491d-B8AC-179A1FE1BE77
# デフォルト
COMPILE.C = $(COMPILE.cc)
# 環境変数
HerokuPath = C:\Program Files\Heroku
# 環境変数
ICE_HOME = C:\PROGRA~2\ZeroC\Ice-3.4.2
# デフォルト
COMPILE.S = $(CC) $(ASFLAGS) $(CPPFLAGS) $(TARGET_MACH) -c
# 環境変数
_ZPLUG_STATUS_INVALID_ARGUMENT = 6
# デフォルト
LINK.F = $(FC) $(FFLAGS) $(CPPFLAGS) $(LDFLAGS) $(TARGET_ARCH)
# 環境変数
ZPLUG_ERROR_LOG = /home/0000132382/.zplug/.error_log
# デフォルト
SUFFIXES := .out .a .ln .o .c .cc .C .cpp .p .f .F .m .r .y .l .ym .yl .s .S .mod .sym .def .h .info .dvi .tex .texinfo .texi .txinfo .w .ch .web .sh .elc .el
# 環境変数
SYSTEMDRIVE = C:
# デフォルト
COMPILE.c = $(CC) $(CFLAGS) $(CPPFLAGS) $(TARGET_ARCH) -c
# 環境変数
SESSIONNAME = Console
# 環境変数
PROCESSOR_REVISION = 3a09
# デフォルト
COMPILE.s = $(AS) $(ASFLAGS) $(TARGET_MACH)
# 環境変数
_ZPLUG_STATUS_FALSE = 1
# 環境変数
MOZ_PLUGIN_PATH = C:\Program Files\Tracker Software\PDF Viewer\Win32
# デフォルト
.INCLUDE_DIRS = /usr/include /usr/local/include /usr/include
# 環境変数
TMP = /tmp
# デフォルト
.RECIPEPREFIX := 
# デフォルト
MAKEINFO = makeinfo
# デフォルト
MAKE_TERMERR := /dev/pty0
# 環境変数
ZPLUG_LOADFILE = /home/0000132382/.zplug/packages.zsh
# デフォルト
OBJC = cc
# デフォルト
TEX = tex
# 環境変数
LANG = ja_JP.UTF-8
# 環境変数
PROCESSOR_LEVEL = 6
# 環境変数
TERM = xterm
# デフォルト
F77FLAGS = $(FFLAGS)
# デフォルト
LINK.f = $(FC) $(FFLAGS) $(LDFLAGS) $(TARGET_ARCH)
# 環境変数
windows_tracing_logfile = C:\BVTBin\Tests\installpackage\csilogfile.log
# 変数セットのハッシュテーブルの状態:
# Load=204/1024=20%, Rehash=0, Collisions=41/230=18%

# パターン指定 変数 値

# パターン指定変数の値なし.

# ディレクトリ

# SCCS: 状態を調べられませんでした.
# . (device 214688436, inode 99360666778982035): 6 個のファイル, 38 個の適用不能ファイル名.
# RCS: 状態を調べられませんでした.

# 6 個のファイル, 38 個の適用不能ファイル名 (3 個のディレクトリ内).

# 暗黙ルール

%.out:

%.a:

%.ln:

%.o:

%: %.o
#  実行するレシピ (ビルトイン):
	$(LINK.o) $^ $(LOADLIBES) $(LDLIBS) -o $@

%.c:

%: %.c
#  実行するレシピ (ビルトイン):
	$(LINK.c) $^ $(LOADLIBES) $(LDLIBS) -o $@

%.ln: %.c
#  実行するレシピ (ビルトイン):
	$(LINT.c) -C$* $<

%.o: %.c
#  実行するレシピ (ビルトイン):
	$(COMPILE.c) $(OUTPUT_OPTION) $<

%.cc:

%: %.cc
#  実行するレシピ (ビルトイン):
	$(LINK.cc) $^ $(LOADLIBES) $(LDLIBS) -o $@

%.o: %.cc
#  実行するレシピ (ビルトイン):
	$(COMPILE.cc) $(OUTPUT_OPTION) $<

%.C:

%: %.C
#  実行するレシピ (ビルトイン):
	$(LINK.C) $^ $(LOADLIBES) $(LDLIBS) -o $@

%.o: %.C
#  実行するレシピ (ビルトイン):
	$(COMPILE.C) $(OUTPUT_OPTION) $<

%.cpp:

%: %.cpp
#  実行するレシピ (ビルトイン):
	$(LINK.cpp) $^ $(LOADLIBES) $(LDLIBS) -o $@

%.o: %.cpp
#  実行するレシピ (ビルトイン):
	$(COMPILE.cpp) $(OUTPUT_OPTION) $<

%.p:

%: %.p
#  実行するレシピ (ビルトイン):
	$(LINK.p) $^ $(LOADLIBES) $(LDLIBS) -o $@

%.o: %.p
#  実行するレシピ (ビルトイン):
	$(COMPILE.p) $(OUTPUT_OPTION) $<

%.f:

%: %.f
#  実行するレシピ (ビルトイン):
	$(LINK.f) $^ $(LOADLIBES) $(LDLIBS) -o $@

%.o: %.f
#  実行するレシピ (ビルトイン):
	$(COMPILE.f) $(OUTPUT_OPTION) $<

%.F:

%: %.F
#  実行するレシピ (ビルトイン):
	$(LINK.F) $^ $(LOADLIBES) $(LDLIBS) -o $@

%.o: %.F
#  実行するレシピ (ビルトイン):
	$(COMPILE.F) $(OUTPUT_OPTION) $<

%.f: %.F
#  実行するレシピ (ビルトイン):
	$(PREPROCESS.F) $(OUTPUT_OPTION) $<

%.m:

%: %.m
#  実行するレシピ (ビルトイン):
	$(LINK.m) $^ $(LOADLIBES) $(LDLIBS) -o $@

%.o: %.m
#  実行するレシピ (ビルトイン):
	$(COMPILE.m) $(OUTPUT_OPTION) $<

%.r:

%: %.r
#  実行するレシピ (ビルトイン):
	$(LINK.r) $^ $(LOADLIBES) $(LDLIBS) -o $@

%.o: %.r
#  実行するレシピ (ビルトイン):
	$(COMPILE.r) $(OUTPUT_OPTION) $<

%.f: %.r
#  実行するレシピ (ビルトイン):
	$(PREPROCESS.r) $(OUTPUT_OPTION) $<

%.y:

%.ln: %.y
#  実行するレシピ (ビルトイン):
	$(YACC.y) $< 
	 $(LINT.c) -C$* y.tab.c 
	 $(RM) y.tab.c

%.c: %.y
#  実行するレシピ (ビルトイン):
	$(YACC.y) $< 
	 mv -f y.tab.c $@

%.l:

%.ln: %.l
#  実行するレシピ (ビルトイン):
	@$(RM) $*.c
	 $(LEX.l) $< > $*.c
	$(LINT.c) -i $*.c -o $@
	 $(RM) $*.c

%.c: %.l
#  実行するレシピ (ビルトイン):
	@$(RM) $@ 
	 $(LEX.l) $< > $@

%.r: %.l
#  実行するレシピ (ビルトイン):
	$(LEX.l) $< > $@ 
	 mv -f lex.yy.r $@

%.ym:

%.m: %.ym
#  実行するレシピ (ビルトイン):
	$(YACC.m) $< 
	 mv -f y.tab.c $@

%.yl:

%.s:

%: %.s
#  実行するレシピ (ビルトイン):
	$(LINK.s) $^ $(LOADLIBES) $(LDLIBS) -o $@

%.o: %.s
#  実行するレシピ (ビルトイン):
	$(COMPILE.s) -o $@ $<

%.S:

%: %.S
#  実行するレシピ (ビルトイン):
	$(LINK.S) $^ $(LOADLIBES) $(LDLIBS) -o $@

%.o: %.S
#  実行するレシピ (ビルトイン):
	$(COMPILE.S) -o $@ $<

%.s: %.S
#  実行するレシピ (ビルトイン):
	$(PREPROCESS.S) $< > $@

%.mod:

%: %.mod
#  実行するレシピ (ビルトイン):
	$(COMPILE.mod) -o $@ -e $@ $^

%.o: %.mod
#  実行するレシピ (ビルトイン):
	$(COMPILE.mod) -o $@ $<

%.sym:

%.def:

%.sym: %.def
#  実行するレシピ (ビルトイン):
	$(COMPILE.def) -o $@ $<

%.h:

%.info:

%.dvi:

%.tex:

%.dvi: %.tex
#  実行するレシピ (ビルトイン):
	$(TEX) $<

%.texinfo:

%.info: %.texinfo
#  実行するレシピ (ビルトイン):
	$(MAKEINFO) $(MAKEINFO_FLAGS) $< -o $@

%.dvi: %.texinfo
#  実行するレシピ (ビルトイン):
	$(TEXI2DVI) $(TEXI2DVI_FLAGS) $<

%.texi:

%.info: %.texi
#  実行するレシピ (ビルトイン):
	$(MAKEINFO) $(MAKEINFO_FLAGS) $< -o $@

%.dvi: %.texi
#  実行するレシピ (ビルトイン):
	$(TEXI2DVI) $(TEXI2DVI_FLAGS) $<

%.txinfo:

%.info: %.txinfo
#  実行するレシピ (ビルトイン):
	$(MAKEINFO) $(MAKEINFO_FLAGS) $< -o $@

%.dvi: %.txinfo
#  実行するレシピ (ビルトイン):
	$(TEXI2DVI) $(TEXI2DVI_FLAGS) $<

%.w:

%.c: %.w
#  実行するレシピ (ビルトイン):
	$(CTANGLE) $< - $@

%.tex: %.w
#  実行するレシピ (ビルトイン):
	$(CWEAVE) $< - $@

%.ch:

%.web:

%.p: %.web
#  実行するレシピ (ビルトイン):
	$(TANGLE) $<

%.tex: %.web
#  実行するレシピ (ビルトイン):
	$(WEAVE) $<

%.sh:

%: %.sh
#  実行するレシピ (ビルトイン):
	cat $< >$@ 
	 chmod a+x $@

%.elc:

%.el:

(%): %
#  実行するレシピ (ビルトイン):
	$(AR) $(ARFLAGS) $@ $<

%.out: %
#  実行するレシピ (ビルトイン):
	@rm -f $@ 
	 cp $< $@

%.c: %.w %.ch
#  実行するレシピ (ビルトイン):
	$(CTANGLE) $^ $@

%.tex: %.w %.ch
#  実行するレシピ (ビルトイン):
	$(CWEAVE) $^ $@

%:: %,v
#  実行するレシピ (ビルトイン):
	$(CHECKOUT,v)

%:: RCS/%,v
#  実行するレシピ (ビルトイン):
	$(CHECKOUT,v)

%:: RCS/%
#  実行するレシピ (ビルトイン):
	$(CHECKOUT,v)

%:: s.%
#  実行するレシピ (ビルトイン):
	$(GET) $(GFLAGS) $(SCCS_OUTPUT_OPTION) $<

%:: SCCS/s.%
#  実行するレシピ (ビルトイン):
	$(GET) $(GFLAGS) $(SCCS_OUTPUT_OPTION) $<

# 92 個の暗黙ルール, 5 (5.4%) 以上.

# ファイル

# ターゲットではありません:
.web.p:
# ビルトインルール
#  暗黙ルールの探索は行われませんでした.
#  修正時刻がチェックされることはありません.
#  ファイルは更新されていません.
#  実行するレシピ (ビルトイン):
	$(TANGLE) $<

# ターゲットではありません:
.l.r:
# ビルトインルール
#  暗黙ルールの探索は行われませんでした.
#  修正時刻がチェックされることはありません.
#  ファイルは更新されていません.
#  実行するレシピ (ビルトイン):
	$(LEX.l) $< > $@ 
	 mv -f lex.yy.r $@

# ターゲットではありません:
.dvi:
# ビルトインルール
#  暗黙ルールの探索は行われませんでした.
#  修正時刻がチェックされることはありません.
#  ファイルは更新されていません.

# ターゲットではありません:
.ym:
# ビルトインルール
#  暗黙ルールの探索は行われませんでした.
#  修正時刻がチェックされることはありません.
#  ファイルは更新されていません.

# ターゲットではありません:
.f.o:
# ビルトインルール
#  暗黙ルールの探索は行われませんでした.
#  修正時刻がチェックされることはありません.
#  ファイルは更新されていません.
#  実行するレシピ (ビルトイン):
	$(COMPILE.f) $(OUTPUT_OPTION) $<

# ターゲットではありません:
.l:
# ビルトインルール
#  暗黙ルールの探索は行われませんでした.
#  修正時刻がチェックされることはありません.
#  ファイルは更新されていません.

# ターゲットではありません:
.m:
# ビルトインルール
#  暗黙ルールの探索は行われませんでした.
#  修正時刻がチェックされることはありません.
#  ファイルは更新されていません.
#  実行するレシピ (ビルトイン):
	$(LINK.m) $^ $(LOADLIBES) $(LDLIBS) -o $@

# ターゲットではありません:
.ln:
# ビルトインルール
#  暗黙ルールの探索は行われませんでした.
#  修正時刻がチェックされることはありません.
#  ファイルは更新されていません.

# ターゲットではありません:
.o:
# ビルトインルール
#  暗黙ルールの探索は行われませんでした.
#  修正時刻がチェックされることはありません.
#  ファイルは更新されていません.
#  実行するレシピ (ビルトイン):
	$(LINK.o) $^ $(LOADLIBES) $(LDLIBS) -o $@

# ターゲットではありません:
.y:
# ビルトインルール
#  暗黙ルールの探索は行われませんでした.
#  修正時刻がチェックされることはありません.
#  ファイルは更新されていません.

# ターゲットではありません:
.def.sym:
# ビルトインルール
#  暗黙ルールの探索は行われませんでした.
#  修正時刻がチェックされることはありません.
#  ファイルは更新されていません.
#  実行するレシピ (ビルトイン):
	$(COMPILE.def) -o $@ $<

# ターゲットではありません:
.p.o:
# ビルトインルール
#  暗黙ルールの探索は行われませんでした.
#  修正時刻がチェックされることはありません.
#  ファイルは更新されていません.
#  実行するレシピ (ビルトイン):
	$(COMPILE.p) $(OUTPUT_OPTION) $<

# ターゲットではありません:
.p:
# ビルトインルール
#  暗黙ルールの探索は行われませんでした.
#  修正時刻がチェックされることはありません.
#  ファイルは更新されていません.
#  実行するレシピ (ビルトイン):
	$(LINK.p) $^ $(LOADLIBES) $(LDLIBS) -o $@

# ターゲットではありません:
.txinfo.dvi:
# ビルトインルール
#  暗黙ルールの探索は行われませんでした.
#  修正時刻がチェックされることはありません.
#  ファイルは更新されていません.
#  実行するレシピ (ビルトイン):
	$(TEXI2DVI) $(TEXI2DVI_FLAGS) $<

# ターゲットではありません:
.a:
# ビルトインルール
#  暗黙ルールの探索は行われませんでした.
#  修正時刻がチェックされることはありません.
#  ファイルは更新されていません.

# ターゲットではありません:
.yl:
# ビルトインルール
#  暗黙ルールの探索は行われませんでした.
#  修正時刻がチェックされることはありません.
#  ファイルは更新されていません.

# ターゲットではありません:
.l.ln:
# ビルトインルール
#  暗黙ルールの探索は行われませんでした.
#  修正時刻がチェックされることはありません.
#  ファイルは更新されていません.
#  実行するレシピ (ビルトイン):
	@$(RM) $*.c
	 $(LEX.l) $< > $*.c
	$(LINT.c) -i $*.c -o $@
	 $(RM) $*.c

# ターゲットではありません:
.F.o:
# ビルトインルール
#  暗黙ルールの探索は行われませんでした.
#  修正時刻がチェックされることはありません.
#  ファイルは更新されていません.
#  実行するレシピ (ビルトイン):
	$(COMPILE.F) $(OUTPUT_OPTION) $<

# ターゲットではありません:
.texi.info:
# ビルトインルール
#  暗黙ルールの探索は行われませんでした.
#  修正時刻がチェックされることはありません.
#  ファイルは更新されていません.
#  実行するレシピ (ビルトイン):
	$(MAKEINFO) $(MAKEINFO_FLAGS) $< -o $@

# ターゲットではありません:
.w.c:
# ビルトインルール
#  暗黙ルールの探索は行われませんでした.
#  修正時刻がチェックされることはありません.
#  ファイルは更新されていません.
#  実行するレシピ (ビルトイン):
	$(CTANGLE) $< - $@

# ターゲットではありません:
.texi.dvi:
# ビルトインルール
#  暗黙ルールの探索は行われませんでした.
#  修正時刻がチェックされることはありません.
#  ファイルは更新されていません.
#  実行するレシピ (ビルトイン):
	$(TEXI2DVI) $(TEXI2DVI_FLAGS) $<

# ターゲットではありません:
.ch:
# ビルトインルール
#  暗黙ルールの探索は行われませんでした.
#  修正時刻がチェックされることはありません.
#  ファイルは更新されていません.

# ターゲットではありません:
.m.o:
# ビルトインルール
#  暗黙ルールの探索は行われませんでした.
#  修正時刻がチェックされることはありません.
#  ファイルは更新されていません.
#  実行するレシピ (ビルトイン):
	$(COMPILE.m) $(OUTPUT_OPTION) $<

# ターゲットではありません:
.cc:
# ビルトインルール
#  暗黙ルールの探索は行われませんでした.
#  修正時刻がチェックされることはありません.
#  ファイルは更新されていません.
#  実行するレシピ (ビルトイン):
	$(LINK.cc) $^ $(LOADLIBES) $(LDLIBS) -o $@

# ターゲットではありません:
.cc.o:
# ビルトインルール
#  暗黙ルールの探索は行われませんでした.
#  修正時刻がチェックされることはありません.
#  ファイルは更新されていません.
#  実行するレシピ (ビルトイン):
	$(COMPILE.cc) $(OUTPUT_OPTION) $<

# ターゲットではありません:
.def:
# ビルトインルール
#  暗黙ルールの探索は行われませんでした.
#  修正時刻がチェックされることはありません.
#  ファイルは更新されていません.

# ターゲットではありません:
.SUFFIXES: .out .a .ln .o .c .cc .C .cpp .p .f .F .m .r .y .l .ym .yl .s .S .mod .sym .def .h .info .dvi .tex .texinfo .texi .txinfo .w .ch .web .sh .elc .el
# ビルトインルール
#  暗黙ルールの探索は行われませんでした.
#  修正時刻がチェックされることはありません.
#  ファイルは更新されていません.

# ターゲットではありません:
.c.o:
# ビルトインルール
#  暗黙ルールの探索は行われませんでした.
#  修正時刻がチェックされることはありません.
#  ファイルは更新されていません.
#  実行するレシピ (ビルトイン):
	$(COMPILE.c) $(OUTPUT_OPTION) $<

# ターゲットではありません:
.r.o:
# ビルトインルール
#  暗黙ルールの探索は行われませんでした.
#  修正時刻がチェックされることはありません.
#  ファイルは更新されていません.
#  実行するレシピ (ビルトイン):
	$(COMPILE.r) $(OUTPUT_OPTION) $<

# ターゲットではありません:
.r:
# ビルトインルール
#  暗黙ルールの探索は行われませんでした.
#  修正時刻がチェックされることはありません.
#  ファイルは更新されていません.
#  実行するレシピ (ビルトイン):
	$(LINK.r) $^ $(LOADLIBES) $(LDLIBS) -o $@

test: test.cpp
#  暗黙ルールの探索が行われました.
#  暗黙/静的パターン語幹: 'test'
#  最終修正 2016-11-22 11:01:11.0155057
#  ファイルは更新されています.
#  更新に成功しました.
#  実行するレシピ (ビルトイン):
	$(LINK.cpp) $^ $(LOADLIBES) $(LDLIBS) -o $@

# ターゲットではありません:
.ym.m:
# ビルトインルール
#  暗黙ルールの探索は行われませんでした.
#  修正時刻がチェックされることはありません.
#  ファイルは更新されていません.
#  実行するレシピ (ビルトイン):
	$(YACC.m) $< 
	 mv -f y.tab.c $@

# ターゲットではありません:
.y.ln:
# ビルトインルール
#  暗黙ルールの探索は行われませんでした.
#  修正時刻がチェックされることはありません.
#  ファイルは更新されていません.
#  実行するレシピ (ビルトイン):
	$(YACC.y) $< 
	 $(LINT.c) -C$* y.tab.c 
	 $(RM) y.tab.c

# ターゲットではありません:
makefile:
#  暗黙ルールの探索が行われました.
#  最終修正 2016-11-22 10:58:03.3504278
#  ファイルは更新されています.
#  更新に成功しました.

# ターゲットではありません:
.elc:
# ビルトインルール
#  暗黙ルールの探索は行われませんでした.
#  修正時刻がチェックされることはありません.
#  ファイルは更新されていません.

# ターゲットではありません:
.l.c:
# ビルトインルール
#  暗黙ルールの探索は行われませんでした.
#  修正時刻がチェックされることはありません.
#  ファイルは更新されていません.
#  実行するレシピ (ビルトイン):
	@$(RM) $@ 
	 $(LEX.l) $< > $@

# ターゲットではありません:
.out:
# ビルトインルール
#  暗黙ルールの探索は行われませんでした.
#  修正時刻がチェックされることはありません.
#  ファイルは更新されていません.

all: test
#  暗黙ルールの探索が行われました.
#  ファイルが存在しません.
#  ファイルは更新されています.
#  更新に成功しました.

# ターゲットではありません:
.C:
# ビルトインルール
#  暗黙ルールの探索は行われませんでした.
#  修正時刻がチェックされることはありません.
#  ファイルは更新されていません.
#  実行するレシピ (ビルトイン):
	$(LINK.C) $^ $(LOADLIBES) $(LDLIBS) -o $@

# ターゲットではありません:
.r.f:
# ビルトインルール
#  暗黙ルールの探索は行われませんでした.
#  修正時刻がチェックされることはありません.
#  ファイルは更新されていません.
#  実行するレシピ (ビルトイン):
	$(PREPROCESS.r) $(OUTPUT_OPTION) $<

# ターゲットではありません:
.S:
# ビルトインルール
#  暗黙ルールの探索は行われませんでした.
#  修正時刻がチェックされることはありません.
#  ファイルは更新されていません.
#  実行するレシピ (ビルトイン):
	$(LINK.S) $^ $(LOADLIBES) $(LDLIBS) -o $@

# ターゲットではありません:
.texinfo.info:
# ビルトインルール
#  暗黙ルールの探索は行われませんでした.
#  修正時刻がチェックされることはありません.
#  ファイルは更新されていません.
#  実行するレシピ (ビルトイン):
	$(MAKEINFO) $(MAKEINFO_FLAGS) $< -o $@

# ターゲットではありません:
.c:
# ビルトインルール
#  暗黙ルールの探索は行われませんでした.
#  修正時刻がチェックされることはありません.
#  ファイルは更新されていません.
#  実行するレシピ (ビルトイン):
	$(LINK.c) $^ $(LOADLIBES) $(LDLIBS) -o $@

# ターゲットではありません:
.w.tex:
# ビルトインルール
#  暗黙ルールの探索は行われませんでした.
#  修正時刻がチェックされることはありません.
#  ファイルは更新されていません.
#  実行するレシピ (ビルトイン):
	$(CWEAVE) $< - $@

# ターゲットではありません:
.c.ln:
# ビルトインルール
#  暗黙ルールの探索は行われませんでした.
#  修正時刻がチェックされることはありません.
#  ファイルは更新されていません.
#  実行するレシピ (ビルトイン):
	$(LINT.c) -C$* $<

# ターゲットではありません:
.s.o:
# ビルトインルール
#  暗黙ルールの探索は行われませんでした.
#  修正時刻がチェックされることはありません.
#  ファイルは更新されていません.
#  実行するレシピ (ビルトイン):
	$(COMPILE.s) -o $@ $<

# ターゲットではありません:
.s:
# ビルトインルール
#  暗黙ルールの探索は行われませんでした.
#  修正時刻がチェックされることはありません.
#  ファイルは更新されていません.
#  実行するレシピ (ビルトイン):
	$(LINK.s) $^ $(LOADLIBES) $(LDLIBS) -o $@

# ターゲットではありません:
.texinfo.dvi:
# ビルトインルール
#  暗黙ルールの探索は行われませんでした.
#  修正時刻がチェックされることはありません.
#  ファイルは更新されていません.
#  実行するレシピ (ビルトイン):
	$(TEXI2DVI) $(TEXI2DVI_FLAGS) $<

# ターゲットではありません:
.el:
# ビルトインルール
#  暗黙ルールの探索は行われませんでした.
#  修正時刻がチェックされることはありません.
#  ファイルは更新されていません.

# ターゲットではありません:
.lm.m:
# ビルトインルール
#  暗黙ルールの探索は行われませんでした.
#  修正時刻がチェックされることはありません.
#  ファイルは更新されていません.
#  実行するレシピ (ビルトイン):
	@$(RM) $@ 
	 $(LEX.m) $< > $@

# ターゲットではありません:
.y.c:
# ビルトインルール
#  暗黙ルールの探索は行われませんでした.
#  修正時刻がチェックされることはありません.
#  ファイルは更新されていません.
#  実行するレシピ (ビルトイン):
	$(YACC.y) $< 
	 mv -f y.tab.c $@

# ターゲットではありません:
.web.tex:
# ビルトインルール
#  暗黙ルールの探索は行われませんでした.
#  修正時刻がチェックされることはありません.
#  ファイルは更新されていません.
#  実行するレシピ (ビルトイン):
	$(WEAVE) $<

# ターゲットではありません:
.texinfo:
# ビルトインルール
#  暗黙ルールの探索は行われませんでした.
#  修正時刻がチェックされることはありません.
#  ファイルは更新されていません.

# ターゲットではありません:
.DEFAULT:
#  暗黙ルールの探索は行われませんでした.
#  修正時刻がチェックされることはありません.
#  ファイルは更新されていません.

# ターゲットではありません:
.h:
# ビルトインルール
#  暗黙ルールの探索は行われませんでした.
#  修正時刻がチェックされることはありません.
#  ファイルは更新されていません.

# ターゲットではありません:
.tex.dvi:
# ビルトインルール
#  暗黙ルールの探索は行われませんでした.
#  修正時刻がチェックされることはありません.
#  ファイルは更新されていません.
#  実行するレシピ (ビルトイン):
	$(TEX) $<

# ターゲットではありません:
.cpp.o:
# ビルトインルール
#  暗黙ルールの探索は行われませんでした.
#  修正時刻がチェックされることはありません.
#  ファイルは更新されていません.
#  実行するレシピ (ビルトイン):
	$(COMPILE.cpp) $(OUTPUT_OPTION) $<

# ターゲットではありません:
.cpp:
# ビルトインルール
#  暗黙ルールの探索は行われませんでした.
#  修正時刻がチェックされることはありません.
#  ファイルは更新されていません.
#  実行するレシピ (ビルトイン):
	$(LINK.cpp) $^ $(LOADLIBES) $(LDLIBS) -o $@

# ターゲットではありません:
.C.o:
# ビルトインルール
#  暗黙ルールの探索は行われませんでした.
#  修正時刻がチェックされることはありません.
#  ファイルは更新されていません.
#  実行するレシピ (ビルトイン):
	$(COMPILE.C) $(OUTPUT_OPTION) $<

# ターゲットではありません:
.texi:
# ビルトインルール
#  暗黙ルールの探索は行われませんでした.
#  修正時刻がチェックされることはありません.
#  ファイルは更新されていません.

# ターゲットではありません:
.txinfo:
# ビルトインルール
#  暗黙ルールの探索は行われませんでした.
#  修正時刻がチェックされることはありません.
#  ファイルは更新されていません.

# ターゲットではありません:
.tex:
# ビルトインルール
#  暗黙ルールの探索は行われませんでした.
#  修正時刻がチェックされることはありません.
#  ファイルは更新されていません.

# ターゲットではありません:
.txinfo.info:
# ビルトインルール
#  暗黙ルールの探索は行われませんでした.
#  修正時刻がチェックされることはありません.
#  ファイルは更新されていません.
#  実行するレシピ (ビルトイン):
	$(MAKEINFO) $(MAKEINFO_FLAGS) $< -o $@

# ターゲットではありません:
.sh:
# ビルトインルール
#  暗黙ルールの探索は行われませんでした.
#  修正時刻がチェックされることはありません.
#  ファイルは更新されていません.
#  実行するレシピ (ビルトイン):
	cat $< >$@ 
	 chmod a+x $@

# ターゲットではありません:
.S.s:
# ビルトインルール
#  暗黙ルールの探索は行われませんでした.
#  修正時刻がチェックされることはありません.
#  ファイルは更新されていません.
#  実行するレシピ (ビルトイン):
	$(PREPROCESS.S) $< > $@

# ターゲットではありません:
.mod:
# ビルトインルール
#  暗黙ルールの探索は行われませんでした.
#  修正時刻がチェックされることはありません.
#  ファイルは更新されていません.
#  実行するレシピ (ビルトイン):
	$(COMPILE.mod) -o $@ -e $@ $^

# ターゲットではありません:
.mod.o:
# ビルトインルール
#  暗黙ルールの探索は行われませんでした.
#  修正時刻がチェックされることはありません.
#  ファイルは更新されていません.
#  実行するレシピ (ビルトイン):
	$(COMPILE.mod) -o $@ $<

# ターゲットではありません:
.F.f:
# ビルトインルール
#  暗黙ルールの探索は行われませんでした.
#  修正時刻がチェックされることはありません.
#  ファイルは更新されていません.
#  実行するレシピ (ビルトイン):
	$(PREPROCESS.F) $(OUTPUT_OPTION) $<

# ターゲットではありません:
.w:
# ビルトインルール
#  暗黙ルールの探索は行われませんでした.
#  修正時刻がチェックされることはありません.
#  ファイルは更新されていません.

# ターゲットではありません:
.S.o:
# ビルトインルール
#  暗黙ルールの探索は行われませんでした.
#  修正時刻がチェックされることはありません.
#  ファイルは更新されていません.
#  実行するレシピ (ビルトイン):
	$(COMPILE.S) -o $@ $<

# ターゲットではありません:
test.cpp:
#  暗黙ルールの探索が行われました.
#  最終修正 2016-11-22 11:01:08.551913
#  ファイルは更新されています.
#  更新に成功しました.

# ターゲットではありません:
.F:
# ビルトインルール
#  暗黙ルールの探索は行われませんでした.
#  修正時刻がチェックされることはありません.
#  ファイルは更新されていません.
#  実行するレシピ (ビルトイン):
	$(LINK.F) $^ $(LOADLIBES) $(LDLIBS) -o $@

# ターゲットではありません:
.web:
# ビルトインルール
#  暗黙ルールの探索は行われませんでした.
#  修正時刻がチェックされることはありません.
#  ファイルは更新されていません.

# ターゲットではありません:
.sym:
# ビルトインルール
#  暗黙ルールの探索は行われませんでした.
#  修正時刻がチェックされることはありません.
#  ファイルは更新されていません.

# ターゲットではありません:
.f:
# ビルトインルール
#  暗黙ルールの探索は行われませんでした.
#  修正時刻がチェックされることはありません.
#  ファイルは更新されていません.
#  実行するレシピ (ビルトイン):
	$(LINK.f) $^ $(LOADLIBES) $(LDLIBS) -o $@

# ターゲットではありません:
.info:
# ビルトインルール
#  暗黙ルールの探索は行われませんでした.
#  修正時刻がチェックされることはありません.
#  ファイルは更新されていません.

# ファイルハッシュテーブルの状態:
# Load=76/1024=7%, Rehash=0, Collisions=476/1647=29%
# VPATH 探索パス

# 'vpath' 探索パスはありません.

# 一般の ('VPATH' 変数) 探索パスなし.

# strcache バッファ: 1 (0) / 文字列 = 372 / 格納 = 3762 B / 平均 = 10 B
# 現在のバッファ: サイズ = 8162 B / 使用中 = 3762 B / 個数 = 372 / 平均 = 10 B

# strcache の稼働: 探索 = 636 / ヒット率 = 41%
# ハッシュテーブルの状態:
# Load=372/8192=5%, Rehash=0, Collisions=201/636=32%
# Make データベース終了 Tue Nov 22 11:02:47 2016

